[33mÎ“Â¥Â»[39m Building...
[32mÎ“Â£Ã¶[39m Building...
Application bundle generation failed. [28.818 seconds] - 2026-01-24T10:13:54.023Z

Î“Ã»â–“ [WARNING] NG8113: NotificationCenterComponent is not used within the template of NotificationBellComponent [plugin angular-compiler]

    src/saas/components/notification-bell.component.ts:10:28:
      10 Î“Ã¶Ã©     imports: [CommonModule, NotificationCenterComponent],
         Î“Ã²â•¡                             ~~~~~~~~~~~~~~~~~~~~~~~~~~~


Î“Ã»â–“ [WARNING] NG8113: TranslatePipe is not used within the template of WelcomeBookletListingComponent [plugin angular-compiler]

    src/saas/views/welcome-booklet/components/welcome-booklet-listing.component.ts:9:28:
      9 Î“Ã¶Ã©     imports: [CommonModule, TranslatePipe],
        Î“Ã²â•¡                             ~~~~~~~~~~~~~


X [ERROR] TS2304: Cannot find name 'TranslationService'. [plugin angular-compiler]

    src/saas/features/delegation/delegation-simulator.component.ts:138:24:
      138 Î“Ã¶Ã©     private ts = inject(TranslationService);
          Î“Ã²â•¡                         ~~~~~~~~~~~~~~~~~~


X [ERROR] TS2339: Property 'translate' does not exist on type 'unknown'. [plugin angular-compiler]

    src/saas/features/delegation/delegation-simulator.component.ts:172:23:
      172 Î“Ã¶Ã©         return this.ts.translate(advice.key, advice.params) || '';
          Î“Ã²â•¡                        ~~~~~~~~~


X [ERROR] TS2339: Property 'isAiGenerating' does not exist on type 'MicrositeContainerComponent'. [plugin angular-compiler]

    src/saas/features/microsite/microsite-container.component.html:58:72:
      58 Î“Ã¶Ã© ...MicrositeWithAI()" [disabled]="isAiGenerating() || !hasAiAccess()"
         Î“Ã²â•¡                                   ~~~~~~~~~~~~~~

  Error occurs in the template of component MicrositeContainerComponent.

    src/saas/features/microsite/microsite-container.component.ts:18:17:
      18 Î“Ã¶Ã©     templateUrl: './microsite-container.component.html',
         Î“Ã²â•¡                  ~~~~~~~~~~~~~~~~~~~~~~~~~~~~~~~~~~~~~~


X [ERROR] NG5002: Empty expressions are not allowed [plugin angular-compiler]

    src/saas/features/property-audit/property-audit.component.html:160:37:
      160 Î“Ã¶Ã© ...              <svg @if (!hasAiAccess()) xmlns="http://www.w3.o...
          Î“Ã²â•¡                           ~~~~~~~~~~~~~~~~

  Error occurs in the template of component PropertyAuditComponent.

    src/saas/features/property-audit/property-audit.component.ts:14:17:
      14 Î“Ã¶Ã©     templateUrl: './property-audit.component.html',
         Î“Ã²â•¡                  ~~~~~~~~~~~~~~~~~~~~~~~~~~~~~~~~~


